[13:12:58] [Server thread/INFO]: Starting minecraft server version 1.8.8
[13:12:58] [Server thread/INFO]: Loading properties
[13:12:58] [Server console handler/ERROR]: Exception handling console input
java.io.IOException: Das Handle ist ungültig
	at java.io.FileInputStream.readBytes(Native Method) ~[?:1.8.0_202]
	at java.io.FileInputStream.read(Unknown Source) ~[?:1.8.0_202]
	at java.io.BufferedInputStream.fill(Unknown Source) ~[?:1.8.0_202]
	at java.io.BufferedInputStream.read(Unknown Source) ~[?:1.8.0_202]
	at org.bukkit.craftbukkit.libs.jline.internal.NonBlockingInputStream.read(NonBlockingInputStream.java:248) ~[Spigot.jar:git-Spigot-db6de12-18fbb24]
	at org.bukkit.craftbukkit.libs.jline.internal.InputStreamReader.read(InputStreamReader.java:261) ~[Spigot.jar:git-Spigot-db6de12-18fbb24]
	at org.bukkit.craftbukkit.libs.jline.internal.InputStreamReader.read(InputStreamReader.java:198) ~[Spigot.jar:git-Spigot-db6de12-18fbb24]
	at org.bukkit.craftbukkit.libs.jline.console.ConsoleReader.readCharacter(ConsoleReader.java:2145) ~[Spigot.jar:git-Spigot-db6de12-18fbb24]
	at org.bukkit.craftbukkit.libs.jline.console.ConsoleReader.readLineSimple(ConsoleReader.java:3183) ~[Spigot.jar:git-Spigot-db6de12-18fbb24]
	at org.bukkit.craftbukkit.libs.jline.console.ConsoleReader.readLine(ConsoleReader.java:2333) ~[Spigot.jar:git-Spigot-db6de12-18fbb24]
	at org.bukkit.craftbukkit.libs.jline.console.ConsoleReader.readLine(ConsoleReader.java:2269) ~[Spigot.jar:git-Spigot-db6de12-18fbb24]
	at org.bukkit.craftbukkit.libs.jline.console.ConsoleReader.readLine(ConsoleReader.java:2257) ~[Spigot.jar:git-Spigot-db6de12-18fbb24]
	at net.minecraft.server.v1_8_R3.DedicatedServer$2.run(DedicatedServer.java:81) [Spigot.jar:git-Spigot-db6de12-18fbb24]
[13:12:58] [Server thread/INFO]: Default game type: SURVIVAL
[13:12:58] [Server thread/INFO]: This server is running CraftBukkit version git-Spigot-db6de12-18fbb24 (MC: 1.8.8) (Implementing API version 1.8.8-R0.1-SNAPSHOT)
[13:12:58] [Server thread/INFO]: Unable to find file banned-players.json, creating it.
[13:12:58] [Server thread/INFO]: Unable to find file banned-ips.json, creating it.
[13:12:58] [Server thread/INFO]: Unable to find file ops.json, creating it.
[13:12:58] [Server thread/INFO]: Unable to find file whitelist.json, creating it.
[13:12:58] [Server thread/INFO]: Debug logging is disabled
[13:12:58] [Server thread/INFO]: Using 4 threads for Netty based IO
[13:12:58] [Server thread/INFO]: Server Ping Player Sample Count: 12
[13:12:58] [Server thread/INFO]: Generating keypair
[13:12:58] [Server thread/INFO]: Starting Minecraft server on *:25565
[13:12:58] [Server thread/INFO]: Using default channel type
[13:12:59] [Server thread/INFO]: **** Beginning UUID conversion, this may take A LONG time ****
[13:12:59] [Server thread/INFO]: Preparing level "world"
[13:12:59] [Server thread/INFO]: -------- World Settings For [world] --------
[13:12:59] [Server thread/INFO]: Item Despawn Rate: 6000
[13:12:59] [Server thread/INFO]: Item Merge Radius: 2.5
[13:12:59] [Server thread/INFO]: Allow Zombie Pigmen to spawn from portal blocks: true
[13:12:59] [Server thread/INFO]: Arrow Despawn Rate: 1200
[13:12:59] [Server thread/INFO]: Mob Spawn Range: 4
[13:12:59] [Server thread/INFO]: Nerfing mobs spawned from spawners: false
[13:12:59] [Server thread/INFO]: Anti X-Ray: true
[13:12:59] [Server thread/INFO]: 	Engine Mode: 1
[13:12:59] [Server thread/INFO]: 	Hidden Blocks: [14, 15, 16, 21, 48, 49, 54, 56, 73, 74, 82, 129, 130]
[13:12:59] [Server thread/INFO]: 	Replace Blocks: [1, 5]
[13:12:59] [Server thread/INFO]: Max TNT Explosions: 100
[13:12:59] [Server thread/INFO]: Entity Activation Range: An 32 / Mo 32 / Mi 16
[13:12:59] [Server thread/INFO]: Cactus Growth Modifier: 100%
[13:12:59] [Server thread/INFO]: Cane Growth Modifier: 100%
[13:12:59] [Server thread/INFO]: Melon Growth Modifier: 100%
[13:12:59] [Server thread/INFO]: Mushroom Growth Modifier: 100%
[13:12:59] [Server thread/INFO]: Pumpkin Growth Modifier: 100%
[13:12:59] [Server thread/INFO]: Sapling Growth Modifier: 100%
[13:12:59] [Server thread/INFO]: Wheat Growth Modifier: 100%
[13:12:59] [Server thread/INFO]: NetherWart Growth Modifier: 100%
[13:12:59] [Server thread/INFO]: Entity Tracking Range: Pl 48 / An 48 / Mo 48 / Mi 32 / Other 64
[13:12:59] [Server thread/INFO]: Random Lighting Updates: false
[13:12:59] [Server thread/INFO]: Tile Max Tick Time: 50ms Entity max Tick Time: 50ms
[13:12:59] [Server thread/INFO]: Hopper Transfer: 8 Hopper Check: 8 Hopper Amount: 1
[13:12:59] [Server thread/INFO]: Structure Info Saving: true
[13:12:59] [Server thread/INFO]: Sending up to 10 chunks per packet
[13:12:59] [Server thread/INFO]: Max Entity Collisions: 8
[13:12:59] [Server thread/INFO]: Custom Map Seeds:  Village: 10387312 Feature: 14357617
[13:12:59] [Server thread/INFO]: View Distance: 10
[13:12:59] [Server thread/INFO]: Zombie Aggressive Towards Villager: true
[13:12:59] [Server thread/INFO]: Chunks to Grow per Tick: 650
[13:12:59] [Server thread/INFO]: Clear tick list: false
[13:12:59] [Server thread/INFO]: Experience Merge Radius: 3.0
[13:12:59] [Server thread/INFO]: -------- World Settings For [world_nether] --------
[13:12:59] [Server thread/INFO]: Item Despawn Rate: 6000
[13:12:59] [Server thread/INFO]: Item Merge Radius: 2.5
[13:12:59] [Server thread/INFO]: Allow Zombie Pigmen to spawn from portal blocks: true
[13:12:59] [Server thread/INFO]: Arrow Despawn Rate: 1200
[13:12:59] [Server thread/INFO]: Mob Spawn Range: 4
[13:12:59] [Server thread/INFO]: Nerfing mobs spawned from spawners: false
[13:12:59] [Server thread/INFO]: Anti X-Ray: true
[13:12:59] [Server thread/INFO]: 	Engine Mode: 1
[13:12:59] [Server thread/INFO]: 	Hidden Blocks: [14, 15, 16, 21, 48, 49, 54, 56, 73, 74, 82, 129, 130]
[13:12:59] [Server thread/INFO]: 	Replace Blocks: [1, 5]
[13:12:59] [Server thread/INFO]: Max TNT Explosions: 100
[13:12:59] [Server thread/INFO]: Entity Activation Range: An 32 / Mo 32 / Mi 16
[13:12:59] [Server thread/INFO]: Cactus Growth Modifier: 100%
[13:12:59] [Server thread/INFO]: Cane Growth Modifier: 100%
[13:12:59] [Server thread/INFO]: Melon Growth Modifier: 100%
[13:12:59] [Server thread/INFO]: Mushroom Growth Modifier: 100%
[13:12:59] [Server thread/INFO]: Pumpkin Growth Modifier: 100%
[13:12:59] [Server thread/INFO]: Sapling Growth Modifier: 100%
[13:12:59] [Server thread/INFO]: Wheat Growth Modifier: 100%
[13:12:59] [Server thread/INFO]: NetherWart Growth Modifier: 100%
[13:12:59] [Server thread/INFO]: Entity Tracking Range: Pl 48 / An 48 / Mo 48 / Mi 32 / Other 64
[13:12:59] [Server thread/INFO]: Random Lighting Updates: false
[13:12:59] [Server thread/INFO]: Tile Max Tick Time: 50ms Entity max Tick Time: 50ms
[13:12:59] [Server thread/INFO]: Hopper Transfer: 8 Hopper Check: 8 Hopper Amount: 1
[13:12:59] [Server thread/INFO]: Structure Info Saving: true
[13:12:59] [Server thread/INFO]: Sending up to 10 chunks per packet
[13:12:59] [Server thread/INFO]: Max Entity Collisions: 8
[13:12:59] [Server thread/INFO]: Custom Map Seeds:  Village: 10387312 Feature: 14357617
[13:12:59] [Server thread/INFO]: View Distance: 10
[13:12:59] [Server thread/INFO]: Zombie Aggressive Towards Villager: true
[13:12:59] [Server thread/INFO]: Chunks to Grow per Tick: 650
[13:12:59] [Server thread/INFO]: Clear tick list: false
[13:12:59] [Server thread/INFO]: Experience Merge Radius: 3.0
[13:12:59] [Server thread/INFO]: -------- World Settings For [world_the_end] --------
[13:12:59] [Server thread/INFO]: Item Despawn Rate: 6000
[13:12:59] [Server thread/INFO]: Item Merge Radius: 2.5
[13:12:59] [Server thread/INFO]: Allow Zombie Pigmen to spawn from portal blocks: true
[13:12:59] [Server thread/INFO]: Arrow Despawn Rate: 1200
[13:12:59] [Server thread/INFO]: Mob Spawn Range: 4
[13:12:59] [Server thread/INFO]: Nerfing mobs spawned from spawners: false
[13:12:59] [Server thread/INFO]: Anti X-Ray: true
[13:12:59] [Server thread/INFO]: 	Engine Mode: 1
[13:12:59] [Server thread/INFO]: 	Hidden Blocks: [14, 15, 16, 21, 48, 49, 54, 56, 73, 74, 82, 129, 130]
[13:12:59] [Server thread/INFO]: 	Replace Blocks: [1, 5]
[13:12:59] [Server thread/INFO]: Max TNT Explosions: 100
[13:12:59] [Server thread/INFO]: Entity Activation Range: An 32 / Mo 32 / Mi 16
[13:12:59] [Server thread/INFO]: Cactus Growth Modifier: 100%
[13:12:59] [Server thread/INFO]: Cane Growth Modifier: 100%
[13:12:59] [Server thread/INFO]: Melon Growth Modifier: 100%
[13:12:59] [Server thread/INFO]: Mushroom Growth Modifier: 100%
[13:12:59] [Server thread/INFO]: Pumpkin Growth Modifier: 100%
[13:12:59] [Server thread/INFO]: Sapling Growth Modifier: 100%
[13:12:59] [Server thread/INFO]: Wheat Growth Modifier: 100%
[13:12:59] [Server thread/INFO]: NetherWart Growth Modifier: 100%
[13:12:59] [Server thread/INFO]: Entity Tracking Range: Pl 48 / An 48 / Mo 48 / Mi 32 / Other 64
[13:12:59] [Server thread/INFO]: Random Lighting Updates: false
[13:12:59] [Server thread/INFO]: Tile Max Tick Time: 50ms Entity max Tick Time: 50ms
[13:12:59] [Server thread/INFO]: Hopper Transfer: 8 Hopper Check: 8 Hopper Amount: 1
[13:12:59] [Server thread/INFO]: Structure Info Saving: true
[13:12:59] [Server thread/INFO]: Sending up to 10 chunks per packet
[13:12:59] [Server thread/INFO]: Max Entity Collisions: 8
[13:12:59] [Server thread/INFO]: Custom Map Seeds:  Village: 10387312 Feature: 14357617
[13:12:59] [Server thread/INFO]: View Distance: 10
[13:12:59] [Server thread/INFO]: Zombie Aggressive Towards Villager: true
[13:12:59] [Server thread/INFO]: Chunks to Grow per Tick: 650
[13:12:59] [Server thread/INFO]: Clear tick list: false
[13:12:59] [Server thread/INFO]: Experience Merge Radius: 3.0
[13:13:00] [Server thread/INFO]: Preparing start region for level 0 (Seed: 1172680174604830025)
[13:13:01] [Server thread/INFO]: Preparing spawn area: 10%
[13:13:02] [Server thread/INFO]: Preparing spawn area: 20%
[13:13:03] [Server thread/INFO]: Preparing spawn area: 30%
[13:13:04] [Server thread/INFO]: Preparing spawn area: 43%
[13:13:05] [Server thread/INFO]: Preparing spawn area: 56%
[13:13:06] [Server thread/INFO]: Preparing spawn area: 71%
[13:13:07] [Server thread/INFO]: Preparing spawn area: 89%
[13:13:07] [Server thread/INFO]: Preparing start region for level 1 (Seed: 1172680174604830025)
[13:13:08] [Server thread/INFO]: Preparing spawn area: 27%
[13:13:09] [Server thread/INFO]: Preparing spawn area: 58%
[13:13:10] [Server thread/INFO]: Preparing spawn area: 85%
[13:13:11] [Server thread/INFO]: Preparing start region for level 2 (Seed: 1172680174604830025)
[13:13:12] [Server thread/INFO]: Preparing spawn area: 80%
[13:13:12] [Server thread/INFO]: Done (13,705s)! For help, type "help" or "?"
